<?xml version="1.0" encoding="UTF-8"?>
<!-- Generated by org.testng.reporters.JUnitXMLReporter -->
<testsuite hostname="Ravi.local" ignored="0" name="Platform_Sign_up" tests="7" failures="1" timestamp="29 Jul 2020 21:20:01 GMT" time="30.2" errors="0">
  <testcase name="verifyTitle" time="0.157" classname="com.sap.testcases.SignUpTest"/>
  <testcase name="cookies" time="0.516" classname="com.sap.testcases.SignUpTest"/>
  <testcase name="clikcSignUpBtn" time="2.935" classname="com.sap.testcases.SignUpTest"/>
  <testcase name="verifyRegisterPopUp" time="0.247" classname="com.sap.testcases.SignUpTest"/>
  <testcase name="EnterUserDetails" time="2.618" classname="com.sap.testcases.SignUpTest"/>
  <testcase name="verifySuccessMsg" time="1.835" classname="com.sap.testcases.SignUpTest"/>
  <testcase name="failTest" time="0.047" classname="com.sap.testcases.SignUpTest">
    <failure type="java.lang.AssertionError" message="expected [false] but found [true]">
      <![CDATA[java.lang.AssertionError: expected [false] but found [true]
at com.sap.testcases.SignUpTest.failTest(SignUpTest.java:78)
... Removed 31 stack frames]]>
    </failure>
  </testcase> <!-- failTest -->
</testsuite> <!-- Platform_Sign_up -->
